2020-10-10 01:30:04.874 | DEBUG    | accountpool.scheduler:run_generator:46 - getter loop 0 start...
2020-10-10 01:32:23.872 | DEBUG    | accountpool.scheduler:run_generator:46 - getter loop 0 start...
2020-10-10 01:32:23.873 | DEBUG    | accountpool.processors.generator:run:32 - start to run generator
2020-10-10 01:34:17.694 | DEBUG    | accountpool.scheduler:run_generator:46 - getter loop 0 start...
2020-10-10 01:34:17.694 | DEBUG    | accountpool.processors.generator:run:32 - start to run generator
2020-10-10 01:34:51.956 | DEBUG    | accountpool.scheduler:run_generator:46 - getter loop 0 start...
2020-10-10 01:34:51.957 | DEBUG    | accountpool.processors.generator:run:32 - start to run generator
2020-10-10 01:35:00.626 | DEBUG    | accountpool.scheduler:run_generator:46 - getter loop 0 start...
2020-10-10 01:35:00.626 | DEBUG    | accountpool.processors.generator:run:32 - start to run generator
2020-10-10 01:35:00.627 | DEBUG    | accountpool.processors.generator:run:35 - start to generate credential of admin
2020-10-10 01:35:04.841 | DEBUG    | accountpool.processors.generator:run:35 - start to generate credential of admin2
2020-10-10 01:35:35.018 | DEBUG    | accountpool.scheduler:run_generator:46 - getter loop 0 start...
2020-10-10 01:35:35.018 | DEBUG    | accountpool.processors.generator:run:32 - start to run generator
2020-10-10 01:35:35.019 | DEBUG    | accountpool.processors.generator:run:35 - start to generate credential of admin
2020-10-10 01:35:39.349 | DEBUG    | accountpool.processors.generator:run:35 - start to generate credential of admin2
2020-10-10 01:35:56.133 | DEBUG    | accountpool.scheduler:run_generator:46 - getter loop 0 start...
2020-10-10 01:35:56.133 | DEBUG    | accountpool.processors.generator:run:32 - start to run generator
2020-10-10 01:35:56.134 | DEBUG    | accountpool.processors.generator:run:35 - start to generate credential of admin
2020-10-10 01:36:00.440 | DEBUG    | accountpool.processors.generator:run:35 - start to generate credential of admin2
2020-10-10 01:37:22.505 | DEBUG    | accountpool.scheduler:run_generator:46 - getter loop 0 start...
2020-10-10 01:37:22.506 | DEBUG    | accountpool.processors.generator:run:32 - start to run generator
2020-10-10 01:37:22.507 | DEBUG    | accountpool.processors.generator:run:35 - start to generate credential of admin
2020-10-10 01:37:26.752 | DEBUG    | accountpool.processors.generator:generate:60 - get credential sessionid=2p92gkumvpi1x2ux83jl27ognf07pj5e
2020-10-10 01:37:26.754 | DEBUG    | accountpool.processors.generator:run:35 - start to generate credential of admin2
2020-10-10 01:37:31.374 | DEBUG    | accountpool.processors.generator:generate:60 - get credential sessionid=7vy8lz3sh773tla35b205q80vejfnvh8
2020-10-10 01:38:46.854 | DEBUG    | accountpool.scheduler:run_generator:46 - getter loop 0 start...
2020-10-10 01:38:46.854 | DEBUG    | accountpool.processors.generator:run:32 - start to run generator
2020-10-10 01:38:46.855 | DEBUG    | accountpool.processors.generator:run:35 - start to generate credential of admin
2020-10-10 01:38:51.443 | DEBUG    | accountpool.processors.generator:generate:60 - get credential sessionid=5w5jpcmoip9q5u4zzc0gz3ks2mco5uzv
2020-10-10 01:38:51.445 | DEBUG    | accountpool.processors.generator:run:35 - start to generate credential of admin2
2020-10-10 01:38:56.315 | DEBUG    | accountpool.processors.generator:generate:60 - get credential sessionid=hb9zgp2n5ak4emad7agdbl7ycy92g8k0
2020-10-10 01:40:32.231 | DEBUG    | accountpool.scheduler:run_tester:31 - tester loop 0 start...
2020-10-10 01:40:32.232 | INFO     | accountpool.processors.tester:test:51 - testing credential for admin
2020-10-10 01:41:17.342 | DEBUG    | accountpool.scheduler:run_tester:31 - tester loop 0 start...
2020-10-10 01:41:17.343 | INFO     | accountpool.processors.tester:test:51 - testing credential for admin
2020-10-10 01:41:18.484 | INFO     | accountpool.processors.tester:test:58 - credential is valid
2020-10-10 01:41:18.485 | INFO     | accountpool.processors.tester:test:51 - testing credential for admin2
2020-10-10 01:41:20.067 | INFO     | accountpool.processors.tester:test:58 - credential is valid
2020-10-10 01:49:32.342 | DEBUG    | accountpool.processors.server:random:42 - get credential admin
2020-10-10 01:50:04.699 | DEBUG    | accountpool.processors.server:random:41 - get credential sessionid=5w5jpcmoip9q5u4zzc0gz3ks2mco5uzv
2020-10-10 01:50:05.941 | DEBUG    | accountpool.processors.server:random:41 - get credential sessionid=5w5jpcmoip9q5u4zzc0gz3ks2mco5uzv
2020-10-10 01:50:06.156 | DEBUG    | accountpool.processors.server:random:41 - get credential sessionid=5w5jpcmoip9q5u4zzc0gz3ks2mco5uzv
2020-10-10 01:50:06.324 | DEBUG    | accountpool.processors.server:random:41 - get credential sessionid=5w5jpcmoip9q5u4zzc0gz3ks2mco5uzv
2020-10-10 01:50:17.111 | INFO     | accountpool.scheduler:run:63 - starting account pool...
2020-10-10 01:50:17.112 | INFO     | accountpool.scheduler:run:66 - starting tester, pid None...
2020-10-10 01:50:17.372 | DEBUG    | accountpool.scheduler:run_tester:31 - tester loop 0 start...
2020-10-10 01:50:17.372 | INFO     | accountpool.processors.tester:test:51 - testing credential for admin
2020-10-10 01:50:19.036 | INFO     | accountpool.processors.tester:test:58 - credential is valid
2020-10-10 01:50:19.036 | INFO     | accountpool.processors.tester:test:51 - testing credential for admin2
2020-10-10 01:50:20.053 | INFO     | accountpool.processors.tester:test:58 - credential is valid
2020-10-10 01:51:32.405 | INFO     | accountpool.scheduler:run:63 - starting account pool...
2020-10-10 01:51:32.405 | INFO     | accountpool.scheduler:run:66 - starting tester, pid None...
2020-10-10 01:51:32.659 | DEBUG    | accountpool.scheduler:run_tester:31 - tester loop 0 start...
2020-10-10 01:51:32.660 | INFO     | accountpool.processors.tester:test:51 - testing credential for admin
2020-10-10 01:51:34.265 | INFO     | accountpool.processors.tester:test:58 - credential is valid
2020-10-10 01:51:34.265 | INFO     | accountpool.processors.tester:test:51 - testing credential for admin2
2020-10-10 01:51:35.521 | INFO     | accountpool.processors.tester:test:58 - credential is valid
2020-10-10 01:53:06.726 | INFO     | accountpool.scheduler:run:63 - starting account pool...
2020-10-10 01:53:06.726 | INFO     | accountpool.scheduler:run:66 - starting tester, pid None...
2020-10-10 01:53:06.983 | DEBUG    | accountpool.scheduler:run_tester:31 - tester loop 0 start...
2020-10-10 01:53:06.983 | INFO     | accountpool.processors.tester:test:51 - testing credential for admin
2020-10-10 01:53:08.290 | INFO     | accountpool.processors.tester:test:58 - credential is valid
2020-10-10 01:53:08.291 | INFO     | accountpool.processors.tester:test:51 - testing credential for admin2
2020-10-10 01:53:09.527 | INFO     | accountpool.processors.tester:test:58 - credential is valid
2020-10-10 01:53:31.451 | INFO     | accountpool.scheduler:run:63 - starting account pool...
2020-10-10 01:53:31.451 | INFO     | accountpool.scheduler:run:66 - starting tester, pid None...
2020-10-10 01:53:31.457 | INFO     | accountpool.scheduler:run:71 - starting getter, pidNone...
2020-10-10 01:53:31.459 | INFO     | accountpool.scheduler:run:76 - starting server, pidNone...
2020-10-10 01:53:31.714 | DEBUG    | accountpool.scheduler:run_tester:31 - tester loop 0 start...
2020-10-10 01:53:31.714 | DEBUG    | accountpool.scheduler:run_generator:46 - getter loop 0 start...
2020-10-10 01:53:31.714 | DEBUG    | accountpool.processors.generator:run:32 - start to run generator
2020-10-10 01:53:31.715 | INFO     | accountpool.processors.tester:test:51 - testing credential for admin
2020-10-10 01:53:31.715 | DEBUG    | accountpool.processors.generator:run:34 - start to generate credential of admin
2020-10-10 01:53:31.715 | DEBUG    | accountpool.processors.generator:generate:48 - credential of admin exists, skip
2020-10-10 01:53:34.127 | INFO     | accountpool.scheduler:run:83 - received keyboard interrupt signal
2020-10-10 01:53:34.132 | INFO     | accountpool.scheduler:run:92 - tester is dead
2020-10-10 01:53:34.132 | INFO     | accountpool.scheduler:run:93 - getter is dead
2020-10-10 01:53:34.133 | INFO     | accountpool.scheduler:run:94 - server is dead
2020-10-10 01:53:34.133 | INFO     | accountpool.scheduler:run:95 - accountpool terminated
2020-10-10 01:53:45.531 | INFO     | accountpool.scheduler:run:63 - starting account pool...
2020-10-10 01:53:45.532 | INFO     | accountpool.scheduler:run:66 - starting tester, pid None...
2020-10-10 01:53:45.537 | INFO     | accountpool.scheduler:run:71 - starting getter, pidNone...
2020-10-10 01:53:45.539 | INFO     | accountpool.scheduler:run:76 - starting server, pidNone...
2020-10-10 01:53:45.795 | DEBUG    | accountpool.scheduler:run_generator:46 - getter loop 0 start...
2020-10-10 01:53:45.796 | DEBUG    | accountpool.processors.generator:run:32 - start to run generator
2020-10-10 01:53:45.796 | DEBUG    | accountpool.scheduler:run_tester:31 - tester loop 0 start...
2020-10-10 01:53:45.796 | DEBUG    | accountpool.processors.generator:run:34 - start to generate credential of admin
2020-10-10 01:53:45.796 | INFO     | accountpool.processors.tester:test:51 - testing credential for admin
2020-10-10 01:53:45.797 | DEBUG    | accountpool.processors.generator:generate:48 - credential of admin exists, skip
2020-10-10 01:53:47.311 | INFO     | accountpool.processors.tester:test:58 - credential is valid
2020-10-10 01:53:47.312 | INFO     | accountpool.processors.tester:test:51 - testing credential for admin2
2020-10-10 01:53:50.649 | INFO     | accountpool.processors.tester:test:58 - credential is valid
2020-10-10 01:53:51.149 | DEBUG    | accountpool.processors.generator:generate:60 - get credential sessionid=nb1e6tmv7bfm0k0kclotl6o8lck8qp9m
2020-10-10 01:53:51.150 | DEBUG    | accountpool.processors.generator:run:34 - start to generate credential of admin2
2020-10-10 01:53:51.150 | DEBUG    | accountpool.processors.generator:generate:48 - credential of admin2 exists, skip
2020-10-10 01:53:55.903 | DEBUG    | accountpool.processors.generator:generate:60 - get credential sessionid=hegxnf9wadlwbxz8o3wwvhuoxmtgdnkj
2020-10-10 01:54:08.934 | INFO     | accountpool.scheduler:run:83 - received keyboard interrupt signal
2020-10-10 01:54:08.939 | INFO     | accountpool.scheduler:run:92 - tester is dead
2020-10-10 01:54:08.940 | INFO     | accountpool.scheduler:run:93 - getter is dead
2020-10-10 01:54:08.940 | INFO     | accountpool.scheduler:run:94 - server is dead
2020-10-10 01:54:08.940 | INFO     | accountpool.scheduler:run:95 - accountpool terminated
